# JRE version: OpenJDK Runtime Environment (7.0_79-b14) (build 1.7.0_79-b14)
# Java VM: OpenJDK 64-Bit Server VM (24.79-b02 mixed mode linux-amd64 compressed oops)
Heap
 PSYoungGen      total 2163712K, used 265937K [0x000000077aa80000, 0x0000000800000000, 0x0000000800000000)
  eden space 2142720K, 11% used [0x000000077aa80000,0x0000000789b09ca0,0x00000007fd700000)
  from space 20992K, 93% used [0x00000007fd700000,0x00000007fea2a7d8,0x00000007feb80000)
  to   space 20992K, 0% used [0x00000007feb80000,0x00000007feb80000,0x0000000800000000)
 ParOldGen       total 4369408K, used 3775200K [0x000000066ff80000, 0x000000077aa80000, 0x000000077aa80000)
  object space 4369408K, 86% used [0x000000066ff80000,0x0000000756638240,0x000000077aa80000)
 PSPermGen       total 228864K, used 228863K [0x000000065ff80000, 0x000000066df00000, 0x000000066ff80000)
  object space 228864K, 99% used [0x000000065ff80000,0x000000066defff00,0x000000066df00000)
GC Heap History (10 events):
Event: 52382.372 GC heap before
{Heap before GC invocations=645 (full 0):
 PSYoungGen      total 2163712K, used 2161272K [0x000000077aa80000, 0x0000000800000000, 0x0000000800000000)
  eden space 2142720K, 100% used [0x000000077aa80000,0x00000007fd700000,0x00000007fd700000)
  from space 20992K, 88% used [0x00000007feb80000,0x00000007ffd9e140,0x0000000800000000)
  to   space 20992K, 0% used [0x00000007fd700000,0x00000007fd700000,0x00000007feb80000)
 ParOldGen       total 4369408K, used 3746272K [0x000000066ff80000, 0x000000077aa80000, 0x000000077aa80000)
  object space 4369408K, 85% used [0x000000066ff80000,0x00000007549f8100,0x000000077aa80000)
 PSPermGen       total 227840K, used 227836K [0x000000065ff80000, 0x000000066de00000, 0x000000066ff80000)
  object space 227840K, 99% used [0x000000065ff80000,0x000000066ddff2e0,0x000000066de00000)
Event: 52382.429 GC heap after
Heap after GC invocations=645 (full 0):
 PSYoungGen      total 2163712K, used 19518K [0x000000077aa80000, 0x0000000800000000, 0x0000000800000000)
  eden space 2142720K, 0% used [0x000000077aa80000,0x000000077aa80000,0x00000007fd700000)
  from space 20992K, 92% used [0x00000007fd700000,0x00000007fea0fbb8,0x00000007feb80000)
  to   space 20992K, 0% used [0x00000007feb80000,0x00000007feb80000,0x0000000800000000)
 ParOldGen       total 4369408K, used 3751976K [0x000000066ff80000, 0x000000077aa80000, 0x000000077aa80000)
  object space 4369408K, 85% used [0x000000066ff80000,0x0000000754f8a070,0x000000077aa80000)
 PSPermGen       total 227840K, used 227836K [0x000000065ff80000, 0x000000066de00000, 0x000000066ff80000)
  object space 227840K, 99% used [0x000000065ff80000,0x000000066ddff2e0,0x000000066de00000)
}
Event: 52389.998 GC heap before
{Heap before GC invocations=646 (full 0):
 PSYoungGen      total 2163712K, used 2162238K [0x000000077aa80000, 0x0000000800000000, 0x0000000800000000)
  eden space 2142720K, 100% used [0x000000077aa80000,0x00000007fd700000,0x00000007fd700000)
  from space 20992K, 92% used [0x00000007fd700000,0x00000007fea0fbb8,0x00000007feb80000)
  to   space 20992K, 0% used [0x00000007feb80000,0x00000007feb80000,0x0000000800000000)
 ParOldGen       total 4369408K, used 3751976K [0x000000066ff80000, 0x000000077aa80000, 0x000000077aa80000)
  object space 4369408K, 85% used [0x000000066ff80000,0x0000000754f8a070,0x000000077aa80000)
 PSPermGen       total 228352K, used 228088K [0x000000065ff80000, 0x000000066de80000, 0x000000066ff80000)
  object space 228352K, 99% used [0x000000065ff80000,0x000000066de3e2b0,0x000000066de80000)
Event: 52390.056 GC heap after
Heap after GC invocations=646 (full 0):
 PSYoungGen      total 2163712K, used 19575K [0x000000077aa80000, 0x0000000800000000, 0x0000000800000000)
  eden space 2142720K, 0% used [0x000000077aa80000,0x000000077aa80000,0x00000007fd700000)
  from space 20992K, 93% used [0x00000007feb80000,0x00000007ffe9dde8,0x0000000800000000)
  to   space 20992K, 0% used [0x00000007fd700000,0x00000007fd700000,0x00000007feb80000)
 ParOldGen       total 4369408K, used 3757691K [0x000000066ff80000, 0x000000077aa80000, 0x000000077aa80000)
  object space 4369408K, 86% used [0x000000066ff80000,0x000000075551eca0,0x000000077aa80000)
 PSPermGen       total 228352K, used 228088K [0x000000065ff80000, 0x000000066de80000, 0x000000066ff80000)
  object space 228352K, 99% used [0x000000065ff80000,0x000000066de3e2b0,0x000000066de80000)
}
Event: 52397.617 GC heap before
{Heap before GC invocations=647 (full 0):
 PSYoungGen      total 2163712K, used 2162295K [0x000000077aa80000, 0x0000000800000000, 0x0000000800000000)
  eden space 2142720K, 100% used [0x000000077aa80000,0x00000007fd700000,0x00000007fd700000)
  from space 20992K, 93% used [0x00000007feb80000,0x00000007ffe9dde8,0x0000000800000000)
  to   space 20992K, 0% used [0x00000007fd700000,0x00000007fd700000,0x00000007feb80000)
 ParOldGen       total 4369408K, used 3757691K [0x000000066ff80000, 0x000000077aa80000, 0x000000077aa80000)
  object space 4369408K, 86% used [0x000000066ff80000,0x000000075551eca0,0x000000077aa80000)
 PSPermGen       total 228352K, used 228340K [0x000000065ff80000, 0x000000066de80000, 0x000000066ff80000)
  object space 228352K, 99% used [0x000000065ff80000,0x000000066de7d280,0x000000066de80000)
Event: 52397.670 GC heap after
Heap after GC invocations=647 (full 0):
 PSYoungGen      total 2163712K, used 18488K [0x000000077aa80000, 0x0000000800000000, 0x0000000800000000)
  eden space 2142720K, 0% used [0x000000077aa80000,0x000000077aa80000,0x00000007fd700000)
  from space 20992K, 88% used [0x00000007fd700000,0x00000007fe90e118,0x00000007feb80000)
  to   space 20992K, 0% used [0x00000007feb80000,0x00000007feb80000,0x0000000800000000)
 ParOldGen       total 4369408K, used 3763749K [0x000000066ff80000, 0x000000077aa80000, 0x000000077aa80000)
  object space 4369408K, 86% used [0x000000066ff80000,0x0000000755b09610,0x000000077aa80000)
 PSPermGen       total 228352K, used 228340K [0x000000065ff80000, 0x000000066de80000, 0x000000066ff80000)
  object space 228352K, 99% used [0x000000065ff80000,0x000000066de7d280,0x000000066de80000)
}
Event: 52405.263 GC heap before
{Heap before GC invocations=648 (full 0):
 PSYoungGen      total 2163712K, used 2161208K [0x000000077aa80000, 0x0000000800000000, 0x0000000800000000)
  eden space 2142720K, 100% used [0x000000077aa80000,0x00000007fd700000,0x00000007fd700000)
  from space 20992K, 88% used [0x00000007fd700000,0x00000007fe90e118,0x00000007feb80000)
  to   space 20992K, 0% used [0x00000007feb80000,0x00000007feb80000,0x0000000800000000)
 ParOldGen       total 4369408K, used 3763749K [0x000000066ff80000, 0x000000077aa80000, 0x000000077aa80000)
  object space 4369408K, 86% used [0x000000066ff80000,0x0000000755b09610,0x000000077aa80000)
 PSPermGen       total 228864K, used 228589K [0x000000065ff80000, 0x000000066df00000, 0x000000066ff80000)
  object space 228864K, 99% used [0x000000065ff80000,0x000000066debb698,0x000000066df00000)
Event: 52405.320 GC heap after
Heap after GC invocations=648 (full 0):
 PSYoungGen      total 2163712K, used 18361K [0x000000077aa80000, 0x0000000800000000, 0x0000000800000000)
  eden space 2142720K, 0% used [0x000000077aa80000,0x000000077aa80000,0x00000007fd700000)
  from space 20992K, 87% used [0x00000007feb80000,0x00000007ffd6e7e0,0x0000000800000000)
  to   space 20992K, 0% used [0x00000007fd700000,0x00000007fd700000,0x00000007feb80000)
 ParOldGen       total 4369408K, used 3769528K [0x000000066ff80000, 0x000000077aa80000, 0x000000077aa80000)
  object space 4369408K, 86% used [0x000000066ff80000,0x00000007560ae240,0x000000077aa80000)
 PSPermGen       total 228864K, used 228589K [0x000000065ff80000, 0x000000066df00000, 0x000000066ff80000)
  object space 228864K, 99% used [0x000000065ff80000,0x000000066debb698,0x000000066df00000)
}
Event: 52422.628 GC heap before
{Heap before GC invocations=649 (full 0):
 PSYoungGen      total 2163712K, used 2161081K [0x000000077aa80000, 0x0000000800000000, 0x0000000800000000)
  eden space 2142720K, 100% used [0x000000077aa80000,0x00000007fd700000,0x00000007fd700000)
  from space 20992K, 87% used [0x00000007feb80000,0x00000007ffd6e7e0,0x0000000800000000)
  to   space 20992K, 0% used [0x00000007fd700000,0x00000007fd700000,0x00000007feb80000)
 ParOldGen       total 4369408K, used 3769528K [0x000000066ff80000, 0x000000077aa80000, 0x000000077aa80000)
  object space 4369408K, 86% used [0x000000066ff80000,0x00000007560ae240,0x000000077aa80000)
 PSPermGen       total 228864K, used 228838K [0x000000065ff80000, 0x000000066df00000, 0x000000066ff80000)
  object space 228864K, 99% used [0x000000065ff80000,0x000000066def9ab0,0x000000066df00000)
Event: 52423.237 GC heap after
Heap after GC invocations=649 (full 0):
 PSYoungGen      total 2163712K, used 19625K [0x000000077aa80000, 0x0000000800000000, 0x0000000800000000)
  eden space 2142720K, 0% used [0x000000077aa80000,0x000000077aa80000,0x00000007fd700000)
  from space 20992K, 93% used [0x00000007fd700000,0x00000007fea2a7d8,0x00000007feb80000)
  to   space 20992K, 0% used [0x00000007feb80000,0x00000007feb80000,0x0000000800000000)
 ParOldGen       total 4369408K, used 3775200K [0x000000066ff80000, 0x000000077aa80000, 0x000000077aa80000)
  object space 4369408K, 86% used [0x000000066ff80000,0x0000000756638240,0x000000077aa80000)
 PSPermGen       total 228864K, used 228838K [0x000000065ff80000, 0x000000066df00000, 0x000000066ff80000)
  object space 228864K, 99% used [0x000000065ff80000,0x000000066def9ab0,0x000000066df00000)
}

